mode: set
github.com/fionahiklas/simple-kubernetes-crd/electrictreesgo/internal/version/version.go:10.27,10.48 1 1
github.com/fionahiklas/simple-kubernetes-crd/electrictreesgo/internal/version/version.go:11.27,11.49 1 1
github.com/fionahiklas/simple-kubernetes-crd/electrictreesgo/internal/version/version.go:12.27,12.45 1 1
github.com/fionahiklas/simple-kubernetes-crd/electrictreesgo/internal/config/config.go:24.37,27.16 3 1
github.com/fionahiklas/simple-kubernetes-crd/electrictreesgo/internal/config/config.go:27.16,29.3 1 1
github.com/fionahiklas/simple-kubernetes-crd/electrictreesgo/internal/config/config.go:30.2,30.20 1 1
github.com/fionahiklas/simple-kubernetes-crd/electrictreesgo/internal/config/config.go:33.36,35.2 1 1
github.com/fionahiklas/simple-kubernetes-crd/electrictreesgo/internal/config/config.go:37.45,39.2 1 1
github.com/fionahiklas/simple-kubernetes-crd/electrictreesgo/internal/config/config.go:41.36,43.2 1 1
github.com/fionahiklas/simple-kubernetes-crd/electrictreesgo/internal/config/config.go:45.29,47.2 1 1
github.com/fionahiklas/simple-kubernetes-crd/electrictreesgo/internal/config/config.go:49.35,51.2 1 1
github.com/fionahiklas/simple-kubernetes-crd/electrictreesgo/internal/config/config.go:53.36,55.2 1 1
github.com/fionahiklas/simple-kubernetes-crd/electrictreesgo/pkg/logging/logging.go:23.46,26.34 3 1
github.com/fionahiklas/simple-kubernetes-crd/electrictreesgo/pkg/logging/logging.go:26.34,28.3 1 1
github.com/fionahiklas/simple-kubernetes-crd/electrictreesgo/pkg/logging/logging.go:29.2,29.12 1 1
github.com/fionahiklas/simple-kubernetes-crd/electrictreesgo/pkg/logging/logging.go:32.37,36.2 3 1
github.com/fionahiklas/simple-kubernetes-crd/electrictreesgo/pkg/logging/logging.go:38.81,40.16 2 1
github.com/fionahiklas/simple-kubernetes-crd/electrictreesgo/pkg/logging/logging.go:40.16,43.3 2 1
github.com/fionahiklas/simple-kubernetes-crd/electrictreesgo/pkg/logging/logging.go:44.2,44.20 1 1
github.com/fionahiklas/simple-kubernetes-crd/electrictreesgo/pkg/versionhandler/handler.go:27.73,33.2 1 1
github.com/fionahiklas/simple-kubernetes-crd/electrictreesgo/pkg/versionhandler/handler.go:35.88,37.38 2 1
github.com/fionahiklas/simple-kubernetes-crd/electrictreesgo/pkg/versionhandler/handler.go:37.38,41.3 3 1
github.com/fionahiklas/simple-kubernetes-crd/electrictreesgo/pkg/versionhandler/handler.go:43.2,48.16 5 1
github.com/fionahiklas/simple-kubernetes-crd/electrictreesgo/pkg/versionhandler/handler.go:48.16,50.3 1 1
github.com/fionahiklas/simple-kubernetes-crd/electrictreesgo/pkg/versionhandler/handler.go:54.43,73.2 4 1
